<?xml version="1.0" encoding="UTF-8"?>
<!-- Generated by org.testng.reporters.JUnitXMLReporter -->
<testsuite ignored="0" hostname="epcomedw08ce" failures="0" tests="9" name="Command line test" time="49.99" errors="0" timestamp="2025-03-05T11:35:50 COT">
  <testcase classname="UserSignUpTest" name="ErrorPasswordMessage" time="0.731"/>
  <testcase classname="UserSignUpTest" name="ErrorPasswordMessage" time="0.636"/>
  <testcase classname="UserSignUpTest" name="successfulSigUp" time="0.576"/>
  <testcase classname="UserSignUpTest" name="successfulSigUp" time="0.616"/>
  <testcase classname="UserLoginTest" name="ErrorPasswordMessage" time="0.562"/>
  <testcase classname="UserLoginTest" name="ErrorPasswordMessage" time="0.612"/>
  <testcase classname="UserLoginTest" name="successfulSigUp" time="0.583"/>
  <testcase classname="UserLoginTest" name="successfulSigUp" time="0.549"/>
  <testcase classname="BuyABookTest" name="buyABook" time="32.955"/>
</testsuite> <!-- Command line test -->
