<?xml version="1.0" encoding="UTF-8"?>
<testng-results ignored="0" total="9" passed="9" failed="0" skipped="0">
  <reporter-output>
  </reporter-output>
  <suite started-at="2025-03-05T11:35:00 COT" name="Command line suite" finished-at="2025-03-05T11:35:50 COT" duration-ms="49990">
    <groups>
    </groups>
    <test started-at="2025-03-05T11:35:00 COT" name="Command line test" finished-at="2025-03-05T11:35:50 COT" duration-ms="49990">
      <class name="UserLoginTest">
        <test-method is-config="true" signature="setUp()[pri:0, instance:UserLoginTest@105fece7]" started-at="2025-03-05T11:35:07 COT" name="setUp" finished-at="2025-03-05T11:35:08 COT" duration-ms="956" status="PASS">
          <reporter-output>
          </reporter-output>
        </test-method> <!-- setUp -->
        <test-method signature="ErrorPasswordMessage(java.lang.String)[pri:0, instance:UserLoginTest@105fece7]" started-at="2025-03-05T11:35:08 COT" name="ErrorPasswordMessage" data-provider="data-provider-error" finished-at="2025-03-05T11:35:09 COT" duration-ms="562" status="PASS">
          <params>
            <param index="0">
              <value>
                <![CDATA[Lakshay]]>
              </value>
            </param>
          </params>
          <reporter-output>
          </reporter-output>
        </test-method> <!-- ErrorPasswordMessage -->
        <test-method is-config="true" signature="terminate()[pri:0, instance:UserLoginTest@105fece7]" started-at="2025-03-05T11:35:09 COT" name="terminate" finished-at="2025-03-05T11:35:09 COT" duration-ms="66" status="PASS">
          <reporter-output>
          </reporter-output>
        </test-method> <!-- terminate -->
        <test-method is-config="true" signature="setUp()[pri:0, instance:UserLoginTest@105fece7]" started-at="2025-03-05T11:35:09 COT" name="setUp" finished-at="2025-03-05T11:35:09 COT" duration-ms="850" status="PASS">
          <reporter-output>
          </reporter-output>
        </test-method> <!-- setUp -->
        <test-method signature="ErrorPasswordMessage(java.lang.String)[pri:0, instance:UserLoginTest@105fece7]" started-at="2025-03-05T11:35:09 COT" name="ErrorPasswordMessage" data-provider="data-provider-error" finished-at="2025-03-05T11:35:10 COT" duration-ms="612" status="PASS">
          <params>
            <param index="0">
              <value>
                <![CDATA[Miguel]]>
              </value>
            </param>
          </params>
          <reporter-output>
          </reporter-output>
        </test-method> <!-- ErrorPasswordMessage -->
        <test-method is-config="true" signature="terminate()[pri:0, instance:UserLoginTest@105fece7]" started-at="2025-03-05T11:35:10 COT" name="terminate" finished-at="2025-03-05T11:35:10 COT" duration-ms="65" status="PASS">
          <reporter-output>
          </reporter-output>
        </test-method> <!-- terminate -->
        <test-method is-config="true" signature="setUp()[pri:0, instance:UserLoginTest@105fece7]" started-at="2025-03-05T11:35:10 COT" name="setUp" finished-at="2025-03-05T11:35:11 COT" duration-ms="1032" status="PASS">
          <reporter-output>
          </reporter-output>
        </test-method> <!-- setUp -->
        <test-method signature="successfulSigUp(java.lang.String)[pri:0, instance:UserLoginTest@105fece7]" started-at="2025-03-05T11:35:11 COT" name="successfulSigUp" data-provider="data-provider-succesful" finished-at="2025-03-05T11:35:12 COT" duration-ms="583" status="PASS">
          <params>
            <param index="0">
              <value>
                <![CDATA[John Doe]]>
              </value>
            </param>
          </params>
          <reporter-output>
          </reporter-output>
        </test-method> <!-- successfulSigUp -->
        <test-method is-config="true" signature="terminate()[pri:0, instance:UserLoginTest@105fece7]" started-at="2025-03-05T11:35:12 COT" name="terminate" finished-at="2025-03-05T11:35:12 COT" duration-ms="67" status="PASS">
          <reporter-output>
          </reporter-output>
        </test-method> <!-- terminate -->
        <test-method is-config="true" signature="setUp()[pri:0, instance:UserLoginTest@105fece7]" started-at="2025-03-05T11:35:12 COT" name="setUp" finished-at="2025-03-05T11:35:13 COT" duration-ms="878" status="PASS">
          <reporter-output>
          </reporter-output>
        </test-method> <!-- setUp -->
        <test-method signature="successfulSigUp(java.lang.String)[pri:0, instance:UserLoginTest@105fece7]" started-at="2025-03-05T11:35:13 COT" name="successfulSigUp" data-provider="data-provider-succesful" finished-at="2025-03-05T11:35:13 COT" duration-ms="549" status="PASS">
          <params>
            <param index="0">
              <value>
                <![CDATA[Maria]]>
              </value>
            </param>
          </params>
          <reporter-output>
          </reporter-output>
        </test-method> <!-- successfulSigUp -->
        <test-method is-config="true" signature="terminate()[pri:0, instance:UserLoginTest@105fece7]" started-at="2025-03-05T11:35:13 COT" name="terminate" finished-at="2025-03-05T11:35:13 COT" duration-ms="66" status="PASS">
          <reporter-output>
          </reporter-output>
        </test-method> <!-- terminate -->
      </class> <!-- UserLoginTest -->
      <class name="UserSignUpTest">
        <test-method is-config="true" signature="setUp()[pri:0, instance:UserSignUpTest@971d0d8]" started-at="2025-03-05T11:35:00 COT" name="setUp" finished-at="2025-03-05T11:35:01 COT" duration-ms="1332" status="PASS">
          <reporter-output>
          </reporter-output>
        </test-method> <!-- setUp -->
        <test-method signature="ErrorPasswordMessage(java.lang.String)[pri:0, instance:UserSignUpTest@971d0d8]" started-at="2025-03-05T11:35:01 COT" name="ErrorPasswordMessage" data-provider="data-provider" finished-at="2025-03-05T11:35:02 COT" duration-ms="731" status="PASS">
          <params>
            <param index="0">
              <value>
                <![CDATA[Jose Daniel]]>
              </value>
            </param>
          </params>
          <reporter-output>
          </reporter-output>
        </test-method> <!-- ErrorPasswordMessage -->
        <test-method is-config="true" signature="terminate()[pri:0, instance:UserSignUpTest@971d0d8]" started-at="2025-03-05T11:35:02 COT" name="terminate" finished-at="2025-03-05T11:35:02 COT" duration-ms="82" status="PASS">
          <reporter-output>
          </reporter-output>
        </test-method> <!-- terminate -->
        <test-method is-config="true" signature="setUp()[pri:0, instance:UserSignUpTest@971d0d8]" started-at="2025-03-05T11:35:02 COT" name="setUp" finished-at="2025-03-05T11:35:03 COT" duration-ms="1183" status="PASS">
          <reporter-output>
          </reporter-output>
        </test-method> <!-- setUp -->
        <test-method signature="ErrorPasswordMessage(java.lang.String)[pri:0, instance:UserSignUpTest@971d0d8]" started-at="2025-03-05T11:35:03 COT" name="ErrorPasswordMessage" data-provider="data-provider" finished-at="2025-03-05T11:35:04 COT" duration-ms="636" status="PASS">
          <params>
            <param index="0">
              <value>
                <![CDATA[Maria]]>
              </value>
            </param>
          </params>
          <reporter-output>
          </reporter-output>
        </test-method> <!-- ErrorPasswordMessage -->
        <test-method is-config="true" signature="terminate()[pri:0, instance:UserSignUpTest@971d0d8]" started-at="2025-03-05T11:35:04 COT" name="terminate" finished-at="2025-03-05T11:35:04 COT" duration-ms="68" status="PASS">
          <reporter-output>
          </reporter-output>
        </test-method> <!-- terminate -->
        <test-method is-config="true" signature="setUp()[pri:0, instance:UserSignUpTest@971d0d8]" started-at="2025-03-05T11:35:04 COT" name="setUp" finished-at="2025-03-05T11:35:05 COT" duration-ms="932" status="PASS">
          <reporter-output>
          </reporter-output>
        </test-method> <!-- setUp -->
        <test-method signature="successfulSigUp(java.lang.String)[pri:0, instance:UserSignUpTest@971d0d8]" started-at="2025-03-05T11:35:05 COT" name="successfulSigUp" data-provider="data-provider" finished-at="2025-03-05T11:35:05 COT" duration-ms="576" status="PASS">
          <params>
            <param index="0">
              <value>
                <![CDATA[Jose Daniel]]>
              </value>
            </param>
          </params>
          <reporter-output>
          </reporter-output>
        </test-method> <!-- successfulSigUp -->
        <test-method is-config="true" signature="terminate()[pri:0, instance:UserSignUpTest@971d0d8]" started-at="2025-03-05T11:35:05 COT" name="terminate" finished-at="2025-03-05T11:35:05 COT" duration-ms="65" status="PASS">
          <reporter-output>
          </reporter-output>
        </test-method> <!-- terminate -->
        <test-method is-config="true" signature="setUp()[pri:0, instance:UserSignUpTest@971d0d8]" started-at="2025-03-05T11:35:05 COT" name="setUp" finished-at="2025-03-05T11:35:06 COT" duration-ms="937" status="PASS">
          <reporter-output>
          </reporter-output>
        </test-method> <!-- setUp -->
        <test-method signature="successfulSigUp(java.lang.String)[pri:0, instance:UserSignUpTest@971d0d8]" started-at="2025-03-05T11:35:06 COT" name="successfulSigUp" data-provider="data-provider" finished-at="2025-03-05T11:35:07 COT" duration-ms="616" status="PASS">
          <params>
            <param index="0">
              <value>
                <![CDATA[Maria]]>
              </value>
            </param>
          </params>
          <reporter-output>
          </reporter-output>
        </test-method> <!-- successfulSigUp -->
        <test-method is-config="true" signature="terminate()[pri:0, instance:UserSignUpTest@971d0d8]" started-at="2025-03-05T11:35:07 COT" name="terminate" finished-at="2025-03-05T11:35:07 COT" duration-ms="66" status="PASS">
          <reporter-output>
          </reporter-output>
        </test-method> <!-- terminate -->
      </class> <!-- UserSignUpTest -->
      <class name="BuyABookTest">
        <test-method is-config="true" signature="setUp()[pri:0, instance:BuyABookTest@3ec300f1]" started-at="2025-03-05T11:35:13 COT" name="setUp" finished-at="2025-03-05T11:35:17 COT" duration-ms="3405" status="PASS">
          <reporter-output>
          </reporter-output>
        </test-method> <!-- setUp -->
        <test-method signature="buyABook()[pri:0, instance:BuyABookTest@3ec300f1]" started-at="2025-03-05T11:35:17 COT" name="buyABook" finished-at="2025-03-05T11:35:50 COT" duration-ms="32955" status="PASS">
          <reporter-output>
          </reporter-output>
        </test-method> <!-- buyABook -->
        <test-method is-config="true" signature="terminate()[pri:0, instance:BuyABookTest@3ec300f1]" started-at="2025-03-05T11:35:50 COT" name="terminate" finished-at="2025-03-05T11:35:50 COT" duration-ms="84" status="PASS">
          <reporter-output>
          </reporter-output>
        </test-method> <!-- terminate -->
      </class> <!-- BuyABookTest -->
    </test> <!-- Command line test -->
  </suite> <!-- Command line suite -->
</testng-results>
